<?xml version="1.0" encoding="UTF-8"?>
<testng-results skipped="0" failed="0" total="1" passed="1">
  <reporter-output>
  </reporter-output>
  <suite name="Suite" duration-ms="23" started-at="2019-04-07T14:23:54Z" finished-at="2019-04-07T14:23:54Z">
    <groups>
    </groups>
    <test name="SingleTest" duration-ms="23" started-at="2019-04-07T14:23:54Z" finished-at="2019-04-07T14:23:54Z">
      <class name="amazon.SingleTest">
        <test-method status="PASS" signature="check()[pri:0, instance:amazon.SingleTest@506e6d5e]" name="check" duration-ms="13" started-at="2019-04-07T19:53:54Z" finished-at="2019-04-07T19:53:54Z">
          <reporter-output>
          </reporter-output>
        </test-method> <!-- check -->
      </class> <!-- amazon.SingleTest -->
    </test> <!-- SingleTest -->
  </suite> <!-- Suite -->
</testng-results>
