<?xml version="1.0" encoding="UTF-8"?>
<testng-results skipped="0" failed="0" ignored="0" total="2" passed="2">
  <reporter-output>
  </reporter-output>
  <suite name="Suite" duration-ms="37" started-at="2019-04-07T13:40:47Z" finished-at="2019-04-07T13:40:47Z">
    <groups>
    </groups>
    <test name="Test" duration-ms="37" started-at="2019-04-07T13:40:47Z" finished-at="2019-04-07T13:40:47Z">
      <class name="amazon.SingleTest">
        <test-method status="PASS" signature="check()[pri:0, instance:amazon.SingleTest@4678c730]" name="check" duration-ms="1" started-at="2019-04-07T13:40:47Z" finished-at="2019-04-07T13:40:47Z">
          <reporter-output>
          </reporter-output>
        </test-method> <!-- check -->
      </class> <!-- amazon.SingleTest -->
      <class name="amazon.Selenium2Test">
        <test-method status="PASS" signature="test1()[pri:0, instance:amazon.Selenium2Test@5c7fa833]" name="test1" duration-ms="10" started-at="2019-04-07T13:40:47Z" finished-at="2019-04-07T13:40:47Z">
          <reporter-output>
          </reporter-output>
        </test-method> <!-- test1 -->
      </class> <!-- amazon.Selenium2Test -->
    </test> <!-- Test -->
  </suite> <!-- Suite -->
</testng-results>
